[2026-04-21T00:10:09.649+0000] {local_task_job_runner.py:120} INFO - ::group::Pre task execution logs
[2026-04-21T00:10:09.685+0000] {taskinstance.py:2076} INFO - Dependencies all met for dep_context=non-requeueable deps ti=<TaskInstance: de_postgres_medalhao_etl.bronze_ingest scheduled__2026-04-20T00:00:00+00:00 [queued]>
[2026-04-21T00:10:09.690+0000] {taskinstance.py:2076} INFO - Dependencies all met for dep_context=requeueable deps ti=<TaskInstance: de_postgres_medalhao_etl.bronze_ingest scheduled__2026-04-20T00:00:00+00:00 [queued]>
[2026-04-21T00:10:09.690+0000] {taskinstance.py:2306} INFO - Starting attempt 2 of 2
[2026-04-21T00:10:09.706+0000] {taskinstance.py:2330} INFO - Executing <Task(BashOperator): bronze_ingest> on 2026-04-20 00:00:00+00:00
[2026-04-21T00:10:09.711+0000] {standard_task_runner.py:64} INFO - Started process 114 to run task
[2026-04-21T00:10:09.717+0000] {standard_task_runner.py:90} INFO - Running: ['airflow', 'tasks', 'run', 'de_postgres_medalhao_etl', 'bronze_ingest', 'scheduled__2026-04-20T00:00:00+00:00', '--job-id', '5', '--raw', '--subdir', 'DAGS_FOLDER/de_postgres_medalhao_etl.py', '--cfg-path', '/tmp/tmp1144s73y']
[2026-04-21T00:10:09.719+0000] {standard_task_runner.py:91} INFO - Job 5: Subtask bronze_ingest
[2026-04-21T00:10:09.767+0000] {task_command.py:426} INFO - Running <TaskInstance: de_postgres_medalhao_etl.bronze_ingest scheduled__2026-04-20T00:00:00+00:00 [running]> on host e07255195aef
[2026-04-21T00:10:09.823+0000] {taskinstance.py:2648} INFO - Exporting env vars: AIRFLOW_CTX_DAG_OWNER='planetaia' AIRFLOW_CTX_DAG_ID='de_postgres_medalhao_etl' AIRFLOW_CTX_TASK_ID='bronze_ingest' AIRFLOW_CTX_EXECUTION_DATE='2026-04-20T00:00:00+00:00' AIRFLOW_CTX_TRY_NUMBER='2' AIRFLOW_CTX_DAG_RUN_ID='scheduled__2026-04-20T00:00:00+00:00'
[2026-04-21T00:10:09.823+0000] {taskinstance.py:430} INFO - ::endgroup::
[2026-04-21T00:10:09.841+0000] {subprocess.py:63} INFO - Tmp dir root location: /tmp
[2026-04-21T00:10:09.842+0000] {subprocess.py:75} INFO - Running command: ['/usr/bin/bash', '-c', '/home/christianomatos/projetos/planeta-ia/de_postgres_medalhao/.venv/bin/python /home/christianomatos/projetos/planeta-ia/de_postgres_medalhao/jobs/bronze_ingest.py']
[2026-04-21T00:10:09.850+0000] {subprocess.py:86} INFO - Output:
[2026-04-21T00:10:09.857+0000] {subprocess.py:93} INFO - /usr/bin/bash: line 1: /home/christianomatos/projetos/planeta-ia/de_postgres_medalhao/.venv/bin/python: No such file or directory
[2026-04-21T00:10:09.859+0000] {subprocess.py:97} INFO - Command exited with return code 127
[2026-04-21T00:10:09.859+0000] {taskinstance.py:441} INFO - ::group::Post task execution logs
[2026-04-21T00:10:09.864+0000] {taskinstance.py:2905} ERROR - Task failed with exception
Traceback (most recent call last):
  File "/home/airflow/.local/lib/python3.12/site-packages/airflow/models/taskinstance.py", line 465, in _execute_task
    result = _execute_callable(context=context, **execute_callable_kwargs)
             ^^^^^^^^^^^^^^^^^^^^^^^^^^^^^^^^^^^^^^^^^^^^^^^^^^^^^^^^^^^^^
  File "/home/airflow/.local/lib/python3.12/site-packages/airflow/models/taskinstance.py", line 432, in _execute_callable
    return execute_callable(context=context, **execute_callable_kwargs)
           ^^^^^^^^^^^^^^^^^^^^^^^^^^^^^^^^^^^^^^^^^^^^^^^^^^^^^^^^^^^^
  File "/home/airflow/.local/lib/python3.12/site-packages/airflow/models/baseoperator.py", line 401, in wrapper
    return func(self, *args, **kwargs)
           ^^^^^^^^^^^^^^^^^^^^^^^^^^^
  File "/home/airflow/.local/lib/python3.12/site-packages/airflow/operators/bash.py", line 243, in execute
    raise AirflowException(
airflow.exceptions.AirflowException: Bash command failed. The command returned a non-zero exit code 127.
[2026-04-21T00:10:09.868+0000] {taskinstance.py:1206} INFO - Marking task as FAILED. dag_id=de_postgres_medalhao_etl, task_id=bronze_ingest, run_id=scheduled__2026-04-20T00:00:00+00:00, execution_date=20260420T000000, start_date=20260421T001009, end_date=20260421T001009
[2026-04-21T00:10:09.882+0000] {standard_task_runner.py:110} ERROR - Failed to execute job 5 for task bronze_ingest (Bash command failed. The command returned a non-zero exit code 127.; 114)
[2026-04-21T00:10:09.890+0000] {local_task_job_runner.py:243} INFO - Task exited with return code 1
[2026-04-21T00:10:09.908+0000] {taskinstance.py:3503} INFO - 0 downstream tasks scheduled from follow-on schedule check
[2026-04-21T00:10:09.916+0000] {local_task_job_runner.py:222} INFO - ::endgroup::
[2026-04-21T05:25:59.367+0000] {local_task_job_runner.py:120} INFO - ::group::Pre task execution logs
[2026-04-21T05:25:59.388+0000] {taskinstance.py:2076} INFO - Dependencies all met for dep_context=non-requeueable deps ti=<TaskInstance: de_postgres_medalhao_etl.bronze_ingest scheduled__2026-04-20T00:00:00+00:00 [queued]>
[2026-04-21T05:25:59.392+0000] {taskinstance.py:2076} INFO - Dependencies all met for dep_context=requeueable deps ti=<TaskInstance: de_postgres_medalhao_etl.bronze_ingest scheduled__2026-04-20T00:00:00+00:00 [queued]>
[2026-04-21T05:25:59.393+0000] {taskinstance.py:2306} INFO - Starting attempt 2 of 2
[2026-04-21T05:25:59.407+0000] {taskinstance.py:2330} INFO - Executing <Task(BashOperator): bronze_ingest> on 2026-04-20 00:00:00+00:00
[2026-04-21T05:25:59.411+0000] {standard_task_runner.py:64} INFO - Started process 131 to run task
[2026-04-21T05:25:59.414+0000] {standard_task_runner.py:90} INFO - Running: ['airflow', 'tasks', 'run', 'de_postgres_medalhao_etl', 'bronze_ingest', 'scheduled__2026-04-20T00:00:00+00:00', '--job-id', '13', '--raw', '--subdir', 'DAGS_FOLDER/de_postgres_medalhao_etl.py', '--cfg-path', '/tmp/tmpth_j_ye1']
[2026-04-21T05:25:59.415+0000] {standard_task_runner.py:91} INFO - Job 13: Subtask bronze_ingest
[2026-04-21T05:25:59.459+0000] {task_command.py:426} INFO - Running <TaskInstance: de_postgres_medalhao_etl.bronze_ingest scheduled__2026-04-20T00:00:00+00:00 [running]> on host 7d2610d8e2f9
[2026-04-21T05:25:59.510+0000] {taskinstance.py:2648} INFO - Exporting env vars: AIRFLOW_CTX_DAG_OWNER='planetaia' AIRFLOW_CTX_DAG_ID='de_postgres_medalhao_etl' AIRFLOW_CTX_TASK_ID='bronze_ingest' AIRFLOW_CTX_EXECUTION_DATE='2026-04-20T00:00:00+00:00' AIRFLOW_CTX_TRY_NUMBER='2' AIRFLOW_CTX_DAG_RUN_ID='scheduled__2026-04-20T00:00:00+00:00'
[2026-04-21T05:25:59.510+0000] {taskinstance.py:430} INFO - ::endgroup::
[2026-04-21T05:25:59.523+0000] {subprocess.py:63} INFO - Tmp dir root location: /tmp
[2026-04-21T05:25:59.524+0000] {subprocess.py:75} INFO - Running command: ['/usr/bin/bash', '-c', '/home/christianomatos/projetos/planeta-ia/de_postgres_medalhao/.venv/bin/python /home/christianomatos/projetos/planeta-ia/de_postgres_medalhao/jobs/bronze_ingest.py']
[2026-04-21T05:25:59.530+0000] {subprocess.py:86} INFO - Output:
[2026-04-21T05:25:59.532+0000] {subprocess.py:93} INFO - /usr/bin/bash: line 1: /home/christianomatos/projetos/planeta-ia/de_postgres_medalhao/.venv/bin/python: No such file or directory
[2026-04-21T05:25:59.532+0000] {subprocess.py:97} INFO - Command exited with return code 127
[2026-04-21T05:25:59.533+0000] {taskinstance.py:441} INFO - ::group::Post task execution logs
[2026-04-21T05:25:59.537+0000] {taskinstance.py:2905} ERROR - Task failed with exception
Traceback (most recent call last):
  File "/home/airflow/.local/lib/python3.12/site-packages/airflow/models/taskinstance.py", line 465, in _execute_task
    result = _execute_callable(context=context, **execute_callable_kwargs)
             ^^^^^^^^^^^^^^^^^^^^^^^^^^^^^^^^^^^^^^^^^^^^^^^^^^^^^^^^^^^^^
  File "/home/airflow/.local/lib/python3.12/site-packages/airflow/models/taskinstance.py", line 432, in _execute_callable
    return execute_callable(context=context, **execute_callable_kwargs)
           ^^^^^^^^^^^^^^^^^^^^^^^^^^^^^^^^^^^^^^^^^^^^^^^^^^^^^^^^^^^^
  File "/home/airflow/.local/lib/python3.12/site-packages/airflow/models/baseoperator.py", line 401, in wrapper
    return func(self, *args, **kwargs)
           ^^^^^^^^^^^^^^^^^^^^^^^^^^^
  File "/home/airflow/.local/lib/python3.12/site-packages/airflow/operators/bash.py", line 243, in execute
    raise AirflowException(
airflow.exceptions.AirflowException: Bash command failed. The command returned a non-zero exit code 127.
[2026-04-21T05:25:59.541+0000] {taskinstance.py:1206} INFO - Marking task as FAILED. dag_id=de_postgres_medalhao_etl, task_id=bronze_ingest, run_id=scheduled__2026-04-20T00:00:00+00:00, execution_date=20260420T000000, start_date=20260421T052559, end_date=20260421T052559
[2026-04-21T05:25:59.554+0000] {standard_task_runner.py:110} ERROR - Failed to execute job 13 for task bronze_ingest (Bash command failed. The command returned a non-zero exit code 127.; 131)
[2026-04-21T05:25:59.587+0000] {local_task_job_runner.py:243} INFO - Task exited with return code 1
[2026-04-21T05:25:59.600+0000] {taskinstance.py:3503} INFO - 0 downstream tasks scheduled from follow-on schedule check
[2026-04-21T05:25:59.611+0000] {local_task_job_runner.py:222} INFO - ::endgroup::
