[2026-04-23T01:53:08.641+0000] {local_task_job_runner.py:120} INFO - ::group::Pre task execution logs
[2026-04-23T01:53:08.671+0000] {taskinstance.py:2076} INFO - Dependencies all met for dep_context=non-requeueable deps ti=<TaskInstance: de_postgres_medalhao_etl.bronze_ingest scheduled__2026-04-22T00:00:00+00:00 [queued]>
[2026-04-23T01:53:08.679+0000] {taskinstance.py:2076} INFO - Dependencies all met for dep_context=requeueable deps ti=<TaskInstance: de_postgres_medalhao_etl.bronze_ingest scheduled__2026-04-22T00:00:00+00:00 [queued]>
[2026-04-23T01:53:08.679+0000] {taskinstance.py:2306} INFO - Starting attempt 2 of 2
[2026-04-23T01:53:08.696+0000] {taskinstance.py:2330} INFO - Executing <Task(BashOperator): bronze_ingest> on 2026-04-22 00:00:00+00:00
[2026-04-23T01:53:08.703+0000] {standard_task_runner.py:64} INFO - Started process 1961 to run task
[2026-04-23T01:53:08.707+0000] {standard_task_runner.py:90} INFO - Running: ['airflow', 'tasks', 'run', 'de_postgres_medalhao_etl', 'bronze_ingest', 'scheduled__2026-04-22T00:00:00+00:00', '--job-id', '22', '--raw', '--subdir', 'DAGS_FOLDER/de_postgres_medalhao_etl.py', '--cfg-path', '/tmp/tmps8lem6p4']
[2026-04-23T01:53:08.710+0000] {standard_task_runner.py:91} INFO - Job 22: Subtask bronze_ingest
[2026-04-23T01:53:08.766+0000] {task_command.py:426} INFO - Running <TaskInstance: de_postgres_medalhao_etl.bronze_ingest scheduled__2026-04-22T00:00:00+00:00 [running]> on host 7d2610d8e2f9
[2026-04-23T01:53:08.833+0000] {taskinstance.py:2648} INFO - Exporting env vars: AIRFLOW_CTX_DAG_OWNER='planetaia' AIRFLOW_CTX_DAG_ID='de_postgres_medalhao_etl' AIRFLOW_CTX_TASK_ID='bronze_ingest' AIRFLOW_CTX_EXECUTION_DATE='2026-04-22T00:00:00+00:00' AIRFLOW_CTX_TRY_NUMBER='2' AIRFLOW_CTX_DAG_RUN_ID='scheduled__2026-04-22T00:00:00+00:00'
[2026-04-23T01:53:08.834+0000] {taskinstance.py:430} INFO - ::endgroup::
[2026-04-23T01:53:08.852+0000] {subprocess.py:63} INFO - Tmp dir root location: /tmp
[2026-04-23T01:53:08.855+0000] {subprocess.py:75} INFO - Running command: ['/usr/bin/bash', '-c', '/home/christianomatos/projetos/planeta-ia/de_postgres_medalhao/.venv/bin/python /home/christianomatos/projetos/planeta-ia/de_postgres_medalhao/jobs/bronze_ingest.py']
[2026-04-23T01:53:08.865+0000] {subprocess.py:86} INFO - Output:
[2026-04-23T01:53:08.868+0000] {subprocess.py:93} INFO - /usr/bin/bash: line 1: /home/christianomatos/projetos/planeta-ia/de_postgres_medalhao/.venv/bin/python: No such file or directory
[2026-04-23T01:53:08.869+0000] {subprocess.py:97} INFO - Command exited with return code 127
[2026-04-23T01:53:08.870+0000] {taskinstance.py:441} INFO - ::group::Post task execution logs
[2026-04-23T01:53:08.877+0000] {taskinstance.py:2905} ERROR - Task failed with exception
Traceback (most recent call last):
  File "/home/airflow/.local/lib/python3.12/site-packages/airflow/models/taskinstance.py", line 465, in _execute_task
    result = _execute_callable(context=context, **execute_callable_kwargs)
             ^^^^^^^^^^^^^^^^^^^^^^^^^^^^^^^^^^^^^^^^^^^^^^^^^^^^^^^^^^^^^
  File "/home/airflow/.local/lib/python3.12/site-packages/airflow/models/taskinstance.py", line 432, in _execute_callable
    return execute_callable(context=context, **execute_callable_kwargs)
           ^^^^^^^^^^^^^^^^^^^^^^^^^^^^^^^^^^^^^^^^^^^^^^^^^^^^^^^^^^^^
  File "/home/airflow/.local/lib/python3.12/site-packages/airflow/models/baseoperator.py", line 401, in wrapper
    return func(self, *args, **kwargs)
           ^^^^^^^^^^^^^^^^^^^^^^^^^^^
  File "/home/airflow/.local/lib/python3.12/site-packages/airflow/operators/bash.py", line 243, in execute
    raise AirflowException(
airflow.exceptions.AirflowException: Bash command failed. The command returned a non-zero exit code 127.
[2026-04-23T01:53:08.882+0000] {taskinstance.py:1206} INFO - Marking task as FAILED. dag_id=de_postgres_medalhao_etl, task_id=bronze_ingest, run_id=scheduled__2026-04-22T00:00:00+00:00, execution_date=20260422T000000, start_date=20260423T015308, end_date=20260423T015308
[2026-04-23T01:53:08.899+0000] {standard_task_runner.py:110} ERROR - Failed to execute job 22 for task bronze_ingest (Bash command failed. The command returned a non-zero exit code 127.; 1961)
[2026-04-23T01:53:08.921+0000] {local_task_job_runner.py:243} INFO - Task exited with return code 1
[2026-04-23T01:53:08.938+0000] {taskinstance.py:3503} INFO - 0 downstream tasks scheduled from follow-on schedule check
[2026-04-23T01:53:08.946+0000] {local_task_job_runner.py:222} INFO - ::endgroup::
